# JRE version: Java(TM) SE Runtime Environment (9.0+11) (build 9.0.1+11)
# Java VM: Java HotSpot(TM) 64-Bit Server VM (9.0.1+11, mixed mode, tiered, compressed oops, g1 gc, windows-amd64)
Heap:
 garbage-first heap   total 36864K, used 3030K [0x00000000c1c00000, 0x00000000c1d00120, 0x0000000100000000)
  region size 1024K, 3 young (3072K), 1 survivors (1024K)
 Metaspace       used 11630K, capacity 12456K, committed 12672K, reserved 1077248K
  class space    used 1380K, capacity 1574K, committed 1664K, reserved 1048576K
GC Heap History (10 events):
Event: 0.191 GC heap before
{Heap before GC invocations=2 (full 0):
 garbage-first heap   total 65536K, used 856K [0x00000000c1c00000, 0x00000000c1d00200, 0x0000000100000000)
  region size 1024K, 2 young (2048K), 1 survivors (1024K)
 Metaspace       used 5640K, capacity 5732K, committed 5760K, reserved 1071104K
  class space    used 572K, capacity 620K, committed 640K, reserved 1048576K
}
Event: 0.193 GC heap after
{Heap after GC invocations=3 (full 0):
 garbage-first heap   total 65536K, used 899K [0x00000000c1c00000, 0x00000000c1d00200, 0x0000000100000000)
  region size 1024K, 1 young (1024K), 1 survivors (1024K)
 Metaspace       used 5640K, capacity 5732K, committed 5760K, reserved 1071104K
  class space    used 572K, capacity 620K, committed 640K, reserved 1048576K
}
Event: 0.193 GC heap before
{Heap before GC invocations=3 (full 0):
 garbage-first heap   total 65536K, used 899K [0x00000000c1c00000, 0x00000000c1d00200, 0x0000000100000000)
  region size 1024K, 1 young (1024K), 1 survivors (1024K)
 Metaspace       used 5640K, capacity 5732K, committed 5760K, reserved 1073152K
  class space    used 572K, capacity 620K, committed 640K, reserved 1048576K
}
Event: 0.200 GC heap after
{Heap after GC invocations=4 (full 1):
 garbage-first heap   total 8192K, used 857K [0x00000000c1c00000, 0x00000000c1d00040, 0x0000000100000000)
  region size 1024K, 0 young (0K), 0 survivors (0K)
 Metaspace       used 5640K, capacity 5732K, committed 5760K, reserved 1073152K
  class space    used 572K, capacity 620K, committed 640K, reserved 1048576K
}
Event: 0.298 GC heap before
{Heap before GC invocations=4 (full 1):
 garbage-first heap   total 8192K, used 2905K [0x00000000c1c00000, 0x00000000c1d00040, 0x0000000100000000)
  region size 1024K, 2 young (2048K), 0 survivors (0K)
 Metaspace       used 7128K, capacity 7428K, committed 7552K, reserved 1073152K
  class space    used 747K, capacity 820K, committed 896K, reserved 1048576K
}
Event: 0.299 GC heap after
{Heap after GC invocations=5 (full 1):
 garbage-first heap   total 8192K, used 1294K [0x00000000c1c00000, 0x00000000c1d00040, 0x0000000100000000)
  region size 1024K, 1 young (1024K), 1 survivors (1024K)
 Metaspace       used 7128K, capacity 7428K, committed 7552K, reserved 1073152K
  class space    used 747K, capacity 820K, committed 896K, reserved 1048576K
}
Event: 0.412 GC heap before
{Heap before GC invocations=5 (full 1):
 garbage-first heap   total 8192K, used 3342K [0x00000000c1c00000, 0x00000000c1d00040, 0x0000000100000000)
  region size 1024K, 3 young (3072K), 1 survivors (1024K)
 Metaspace       used 8836K, capacity 9348K, committed 9600K, reserved 1075200K
  class space    used 969K, capacity 1100K, committed 1152K, reserved 1048576K
}
Event: 0.414 GC heap after
{Heap after GC invocations=6 (full 1):
 garbage-first heap   total 8192K, used 1576K [0x00000000c1c00000, 0x00000000c1d00040, 0x0000000100000000)
  region size 1024K, 1 young (1024K), 1 survivors (1024K)
 Metaspace       used 8836K, capacity 9348K, committed 9600K, reserved 1075200K
  class space    used 969K, capacity 1100K, committed 1152K, reserved 1048576K
}
Event: 0.527 GC heap before
{Heap before GC invocations=6 (full 1):
 garbage-first heap   total 8192K, used 3624K [0x00000000c1c00000, 0x00000000c1d00040, 0x0000000100000000)
  region size 1024K, 3 young (3072K), 1 survivors (1024K)
 Metaspace       used 10274K, capacity 10982K, committed 11136K, reserved 1077248K
  class space    used 1192K, capacity 1379K, committed 1408K, reserved 1048576K
}
Event: 0.530 GC heap after
{Heap after GC invocations=7 (full 1):
 garbage-first heap   total 36864K, used 2006K [0x00000000c1c00000, 0x00000000c1d00120, 0x0000000100000000)
  region size 1024K, 1 young (1024K), 1 survivors (1024K)
 Metaspace       used 10274K, capacity 10982K, committed 11136K, reserved 1077248K
  class space    used 1192K, capacity 1379K, committed 1408K, reserved 1048576K
}

